{"C:\\Users\\Lenovo\\Documents\\universidad\\novenoSemestre\\Simulacion\\Back-Simulacion-por-Computador\\controllers\\groupController.js": {"path":"C:\\Users\\Lenovo\\Documents\\universidad\\novenoSemestre\\Simulacion\\Back-Simulacion-por-Computador\\controllers\\groupController.js","statementMap":{"0":{"start":{"line":1,"column":14},"end":{"line":1,"column":46}},"1":{"start":{"line":2,"column":14},"end":{"line":2,"column":46}},"2":{"start":{"line":4,"column":26},"end":{"line":4,"column":60}},"3":{"start":{"line":6,"column":0},"end":{"line":14,"column":2}},"4":{"start":{"line":7,"column":2},"end":{"line":13,"column":5}},"5":{"start":{"line":8,"column":17},"end":{"line":8,"column":37}},"6":{"start":{"line":9,"column":4},"end":{"line":11,"column":5}},"7":{"start":{"line":10,"column":6},"end":{"line":10,"column":71}},"8":{"start":{"line":12,"column":4},"end":{"line":12,"column":48}},"9":{"start":{"line":16,"column":0},"end":{"line":60,"column":2}},"10":{"start":{"line":17,"column":2},"end":{"line":59,"column":3}},"11":{"start":{"line":18,"column":22},"end":{"line":18,"column":30}},"12":{"start":{"line":20,"column":4},"end":{"line":25,"column":5}},"13":{"start":{"line":21,"column":6},"end":{"line":24,"column":9}},"14":{"start":{"line":27,"column":26},"end":{"line":27,"column":53}},"15":{"start":{"line":29,"column":4},"end":{"line":33,"column":5}},"16":{"start":{"line":30,"column":6},"end":{"line":32,"column":65}},"17":{"start":{"line":36,"column":26},"end":{"line":39,"column":6}},"18":{"start":{"line":41,"column":4},"end":{"line":46,"column":5}},"19":{"start":{"line":42,"column":6},"end":{"line":45,"column":9}},"20":{"start":{"line":48,"column":21},"end":{"line":53,"column":6}},"21":{"start":{"line":55,"column":17},"end":{"line":55,"column":38}},"22":{"start":{"line":56,"column":4},"end":{"line":56,"column":50}},"23":{"start":{"line":58,"column":4},"end":{"line":58,"column":67}},"24":{"start":{"line":62,"column":0},"end":{"line":74,"column":2}},"25":{"start":{"line":63,"column":17},"end":{"line":63,"column":27}},"26":{"start":{"line":64,"column":2},"end":{"line":73,"column":3}},"27":{"start":{"line":65,"column":18},"end":{"line":65,"column":42}},"28":{"start":{"line":66,"column":4},"end":{"line":70,"column":5}},"29":{"start":{"line":67,"column":6},"end":{"line":67,"column":78}},"30":{"start":{"line":69,"column":6},"end":{"line":69,"column":64}},"31":{"start":{"line":72,"column":4},"end":{"line":72,"column":72}},"32":{"start":{"line":75,"column":0},"end":{"line":89,"column":2}},"33":{"start":{"line":76,"column":19},"end":{"line":76,"column":28}},"34":{"start":{"line":77,"column":2},"end":{"line":88,"column":3}},"35":{"start":{"line":78,"column":18},"end":{"line":78,"column":47}},"36":{"start":{"line":79,"column":4},"end":{"line":85,"column":5}},"37":{"start":{"line":80,"column":6},"end":{"line":82,"column":64}},"38":{"start":{"line":84,"column":6},"end":{"line":84,"column":64}},"39":{"start":{"line":87,"column":4},"end":{"line":87,"column":72}},"40":{"start":{"line":91,"column":0},"end":{"line":103,"column":2}},"41":{"start":{"line":92,"column":17},"end":{"line":92,"column":27}},"42":{"start":{"line":93,"column":28},"end":{"line":93,"column":36}},"43":{"start":{"line":94,"column":2},"end":{"line":102,"column":3}},"44":{"start":{"line":95,"column":18},"end":{"line":95,"column":85}},"45":{"start":{"line":96,"column":4},"end":{"line":98,"column":5}},"46":{"start":{"line":97,"column":6},"end":{"line":97,"column":84}},"47":{"start":{"line":99,"column":4},"end":{"line":99,"column":55}},"48":{"start":{"line":101,"column":4},"end":{"line":101,"column":65}},"49":{"start":{"line":105,"column":0},"end":{"line":116,"column":2}},"50":{"start":{"line":106,"column":17},"end":{"line":106,"column":27}},"51":{"start":{"line":107,"column":2},"end":{"line":115,"column":3}},"52":{"start":{"line":108,"column":18},"end":{"line":108,"column":51}},"53":{"start":{"line":109,"column":4},"end":{"line":111,"column":5}},"54":{"start":{"line":110,"column":6},"end":{"line":110,"column":84}},"55":{"start":{"line":112,"column":4},"end":{"line":112,"column":55}},"56":{"start":{"line":114,"column":4},"end":{"line":114,"column":65}}},"fnMap":{"0":{"name":"(anonymous_0)","decl":{"start":{"line":6,"column":18},"end":{"line":6,"column":19}},"loc":{"start":{"line":6,"column":38},"end":{"line":14,"column":1}},"line":6},"1":{"name":"(anonymous_1)","decl":{"start":{"line":7,"column":21},"end":{"line":7,"column":22}},"loc":{"start":{"line":7,"column":33},"end":{"line":13,"column":3}},"line":7},"2":{"name":"(anonymous_2)","decl":{"start":{"line":16,"column":15},"end":{"line":16,"column":16}},"loc":{"start":{"line":16,"column":35},"end":{"line":60,"column":1}},"line":16},"3":{"name":"(anonymous_3)","decl":{"start":{"line":62,"column":19},"end":{"line":62,"column":20}},"loc":{"start":{"line":62,"column":39},"end":{"line":74,"column":1}},"line":62},"4":{"name":"(anonymous_4)","decl":{"start":{"line":75,"column":21},"end":{"line":75,"column":22}},"loc":{"start":{"line":75,"column":41},"end":{"line":89,"column":1}},"line":75},"5":{"name":"(anonymous_5)","decl":{"start":{"line":91,"column":17},"end":{"line":91,"column":18}},"loc":{"start":{"line":91,"column":37},"end":{"line":103,"column":1}},"line":91},"6":{"name":"(anonymous_6)","decl":{"start":{"line":105,"column":22},"end":{"line":105,"column":23}},"loc":{"start":{"line":105,"column":42},"end":{"line":116,"column":1}},"line":105}},"branchMap":{"0":{"loc":{"start":{"line":9,"column":4},"end":{"line":11,"column":5}},"type":"if","locations":[{"start":{"line":9,"column":4},"end":{"line":11,"column":5}},{"start":{},"end":{}}],"line":9},"1":{"loc":{"start":{"line":20,"column":4},"end":{"line":25,"column":5}},"type":"if","locations":[{"start":{"line":20,"column":4},"end":{"line":25,"column":5}},{"start":{},"end":{}}],"line":20},"2":{"loc":{"start":{"line":29,"column":4},"end":{"line":33,"column":5}},"type":"if","locations":[{"start":{"line":29,"column":4},"end":{"line":33,"column":5}},{"start":{},"end":{}}],"line":29},"3":{"loc":{"start":{"line":41,"column":4},"end":{"line":46,"column":5}},"type":"if","locations":[{"start":{"line":41,"column":4},"end":{"line":46,"column":5}},{"start":{},"end":{}}],"line":41},"4":{"loc":{"start":{"line":66,"column":4},"end":{"line":70,"column":5}},"type":"if","locations":[{"start":{"line":66,"column":4},"end":{"line":70,"column":5}},{"start":{"line":68,"column":11},"end":{"line":70,"column":5}}],"line":66},"5":{"loc":{"start":{"line":79,"column":4},"end":{"line":85,"column":5}},"type":"if","locations":[{"start":{"line":79,"column":4},"end":{"line":85,"column":5}},{"start":{"line":83,"column":11},"end":{"line":85,"column":5}}],"line":79},"6":{"loc":{"start":{"line":96,"column":4},"end":{"line":98,"column":5}},"type":"if","locations":[{"start":{"line":96,"column":4},"end":{"line":98,"column":5}},{"start":{},"end":{}}],"line":96},"7":{"loc":{"start":{"line":109,"column":4},"end":{"line":111,"column":5}},"type":"if","locations":[{"start":{"line":109,"column":4},"end":{"line":111,"column":5}},{"start":{},"end":{}}],"line":109}},"s":{"0":3,"1":3,"2":3,"3":3,"4":0,"5":0,"6":0,"7":0,"8":0,"9":3,"10":1,"11":1,"12":1,"13":0,"14":1,"15":1,"16":0,"17":1,"18":1,"19":0,"20":1,"21":1,"22":1,"23":0,"24":3,"25":2,"26":2,"27":2,"28":2,"29":2,"30":0,"31":0,"32":3,"33":0,"34":0,"35":0,"36":0,"37":0,"38":0,"39":0,"40":3,"41":0,"42":0,"43":0,"44":0,"45":0,"46":0,"47":0,"48":0,"49":3,"50":0,"51":0,"52":0,"53":0,"54":0,"55":0,"56":0},"f":{"0":0,"1":0,"2":1,"3":2,"4":0,"5":0,"6":0},"b":{"0":[0,0],"1":[0,1],"2":[0,1],"3":[0,1],"4":[2,0],"5":[0,0],"6":[0,0],"7":[0,0]},"_coverageSchema":"1a1c01bbd47fc00a2c39e90264f33305004495a9","hash":"b50f36b937bdda6b7e7180bc0893180fe422aa7c"}
,"C:\\Users\\Lenovo\\Documents\\universidad\\novenoSemestre\\Simulacion\\Back-Simulacion-por-Computador\\controllers\\inscriptionsController.js": {"path":"C:\\Users\\Lenovo\\Documents\\universidad\\novenoSemestre\\Simulacion\\Back-Simulacion-por-Computador\\controllers\\inscriptionsController.js","statementMap":{"0":{"start":{"line":1,"column":20},"end":{"line":1,"column":58}},"1":{"start":{"line":2,"column":14},"end":{"line":2,"column":46}},"2":{"start":{"line":3,"column":14},"end":{"line":3,"column":46}},"3":{"start":{"line":5,"column":0},"end":{"line":91,"column":2}},"4":{"start":{"line":6,"column":2},"end":{"line":90,"column":3}},"5":{"start":{"line":7,"column":58},"end":{"line":7,"column":66}},"6":{"start":{"line":10,"column":26},"end":{"line":10,"column":55}},"7":{"start":{"line":11,"column":4},"end":{"line":15,"column":5}},"8":{"start":{"line":12,"column":6},"end":{"line":14,"column":64}},"9":{"start":{"line":17,"column":4},"end":{"line":86,"column":5}},"10":{"start":{"line":19,"column":29},"end":{"line":24,"column":8}},"11":{"start":{"line":26,"column":6},"end":{"line":26,"column":34}},"12":{"start":{"line":27,"column":6},"end":{"line":27,"column":29}},"13":{"start":{"line":28,"column":6},"end":{"line":28,"column":33}},"14":{"start":{"line":30,"column":6},"end":{"line":30,"column":75}},"15":{"start":{"line":33,"column":28},"end":{"line":33,"column":69}},"16":{"start":{"line":34,"column":6},"end":{"line":38,"column":7}},"17":{"start":{"line":35,"column":8},"end":{"line":37,"column":68}},"18":{"start":{"line":40,"column":30},"end":{"line":43,"column":27}},"19":{"start":{"line":46,"column":6},"end":{"line":71,"column":7}},"20":{"start":{"line":47,"column":8},"end":{"line":47,"column":41}},"21":{"start":{"line":50,"column":26},"end":{"line":52,"column":30}},"22":{"start":{"line":54,"column":27},"end":{"line":54,"column":35}},"23":{"start":{"line":55,"column":8},"end":{"line":60,"column":9}},"24":{"start":{"line":56,"column":34},"end":{"line":58,"column":11}},"25":{"start":{"line":59,"column":10},"end":{"line":59,"column":55}},"26":{"start":{"line":62,"column":25},"end":{"line":67,"column":10}},"27":{"start":{"line":69,"column":8},"end":{"line":69,"column":30}},"28":{"start":{"line":70,"column":8},"end":{"line":70,"column":31}},"29":{"start":{"line":74,"column":29},"end":{"line":79,"column":8}},"30":{"start":{"line":81,"column":6},"end":{"line":81,"column":34}},"31":{"start":{"line":82,"column":6},"end":{"line":82,"column":27}},"32":{"start":{"line":83,"column":6},"end":{"line":83,"column":31}},"33":{"start":{"line":85,"column":6},"end":{"line":85,"column":75}},"34":{"start":{"line":88,"column":4},"end":{"line":88,"column":25}},"35":{"start":{"line":89,"column":4},"end":{"line":89,"column":67}},"36":{"start":{"line":93,"column":0},"end":{"line":103,"column":2}},"37":{"start":{"line":94,"column":2},"end":{"line":102,"column":3}},"38":{"start":{"line":95,"column":25},"end":{"line":97,"column":26}},"39":{"start":{"line":98,"column":4},"end":{"line":98,"column":64}},"40":{"start":{"line":100,"column":4},"end":{"line":100,"column":25}},"41":{"start":{"line":101,"column":4},"end":{"line":101,"column":67}},"42":{"start":{"line":105,"column":0},"end":{"line":121,"column":2}},"43":{"start":{"line":106,"column":17},"end":{"line":106,"column":27}},"44":{"start":{"line":107,"column":2},"end":{"line":120,"column":3}},"45":{"start":{"line":108,"column":24},"end":{"line":110,"column":26}},"46":{"start":{"line":111,"column":4},"end":{"line":115,"column":5}},"47":{"start":{"line":112,"column":6},"end":{"line":114,"column":72}},"48":{"start":{"line":116,"column":4},"end":{"line":116,"column":63}},"49":{"start":{"line":118,"column":4},"end":{"line":118,"column":25}},"50":{"start":{"line":119,"column":4},"end":{"line":119,"column":67}},"51":{"start":{"line":123,"column":0},"end":{"line":142,"column":2}},"52":{"start":{"line":124,"column":17},"end":{"line":124,"column":27}},"53":{"start":{"line":125,"column":21},"end":{"line":125,"column":29}},"54":{"start":{"line":126,"column":2},"end":{"line":141,"column":3}},"55":{"start":{"line":127,"column":31},"end":{"line":131,"column":5}},"56":{"start":{"line":132,"column":4},"end":{"line":136,"column":5}},"57":{"start":{"line":133,"column":6},"end":{"line":135,"column":72}},"58":{"start":{"line":137,"column":4},"end":{"line":137,"column":70}},"59":{"start":{"line":139,"column":4},"end":{"line":139,"column":25}},"60":{"start":{"line":140,"column":4},"end":{"line":140,"column":67}},"61":{"start":{"line":144,"column":0},"end":{"line":155,"column":2}},"62":{"start":{"line":145,"column":17},"end":{"line":145,"column":27}},"63":{"start":{"line":146,"column":2},"end":{"line":154,"column":3}},"64":{"start":{"line":147,"column":4},"end":{"line":147,"column":44}},"65":{"start":{"line":148,"column":4},"end":{"line":150,"column":79}},"66":{"start":{"line":152,"column":4},"end":{"line":152,"column":25}},"67":{"start":{"line":153,"column":4},"end":{"line":153,"column":67}}},"fnMap":{"0":{"name":"(anonymous_0)","decl":{"start":{"line":5,"column":26},"end":{"line":5,"column":27}},"loc":{"start":{"line":5,"column":46},"end":{"line":91,"column":1}},"line":5},"1":{"name":"(anonymous_1)","decl":{"start":{"line":93,"column":29},"end":{"line":93,"column":30}},"loc":{"start":{"line":93,"column":49},"end":{"line":103,"column":1}},"line":93},"2":{"name":"(anonymous_2)","decl":{"start":{"line":105,"column":30},"end":{"line":105,"column":31}},"loc":{"start":{"line":105,"column":50},"end":{"line":121,"column":1}},"line":105},"3":{"name":"(anonymous_3)","decl":{"start":{"line":123,"column":28},"end":{"line":123,"column":29}},"loc":{"start":{"line":123,"column":48},"end":{"line":142,"column":1}},"line":123},"4":{"name":"(anonymous_4)","decl":{"start":{"line":144,"column":28},"end":{"line":144,"column":29}},"loc":{"start":{"line":144,"column":48},"end":{"line":155,"column":1}},"line":144}},"branchMap":{"0":{"loc":{"start":{"line":11,"column":4},"end":{"line":15,"column":5}},"type":"if","locations":[{"start":{"line":11,"column":4},"end":{"line":15,"column":5}},{"start":{},"end":{}}],"line":11},"1":{"loc":{"start":{"line":17,"column":4},"end":{"line":86,"column":5}},"type":"if","locations":[{"start":{"line":17,"column":4},"end":{"line":86,"column":5}},{"start":{"line":31,"column":11},"end":{"line":86,"column":5}}],"line":17},"2":{"loc":{"start":{"line":34,"column":6},"end":{"line":38,"column":7}},"type":"if","locations":[{"start":{"line":34,"column":6},"end":{"line":38,"column":7}},{"start":{},"end":{}}],"line":34},"3":{"loc":{"start":{"line":46,"column":6},"end":{"line":71,"column":7}},"type":"if","locations":[{"start":{"line":46,"column":6},"end":{"line":71,"column":7}},{"start":{"line":48,"column":13},"end":{"line":71,"column":7}}],"line":46},"4":{"loc":{"start":{"line":55,"column":8},"end":{"line":60,"column":9}},"type":"if","locations":[{"start":{"line":55,"column":8},"end":{"line":60,"column":9}},{"start":{},"end":{}}],"line":55},"5":{"loc":{"start":{"line":111,"column":4},"end":{"line":115,"column":5}},"type":"if","locations":[{"start":{"line":111,"column":4},"end":{"line":115,"column":5}},{"start":{},"end":{}}],"line":111},"6":{"loc":{"start":{"line":132,"column":4},"end":{"line":136,"column":5}},"type":"if","locations":[{"start":{"line":132,"column":4},"end":{"line":136,"column":5}},{"start":{},"end":{}}],"line":132}},"s":{"0":3,"1":3,"2":3,"3":3,"4":0,"5":0,"6":0,"7":0,"8":0,"9":0,"10":0,"11":0,"12":0,"13":0,"14":0,"15":0,"16":0,"17":0,"18":0,"19":0,"20":0,"21":0,"22":0,"23":0,"24":0,"25":0,"26":0,"27":0,"28":0,"29":0,"30":0,"31":0,"32":0,"33":0,"34":0,"35":0,"36":3,"37":0,"38":0,"39":0,"40":0,"41":0,"42":3,"43":0,"44":0,"45":0,"46":0,"47":0,"48":0,"49":0,"50":0,"51":3,"52":0,"53":0,"54":0,"55":0,"56":0,"57":0,"58":0,"59":0,"60":0,"61":3,"62":0,"63":0,"64":0,"65":0,"66":0,"67":0},"f":{"0":0,"1":0,"2":0,"3":0,"4":0},"b":{"0":[0,0],"1":[0,0],"2":[0,0],"3":[0,0],"4":[0,0],"5":[0,0],"6":[0,0]},"_coverageSchema":"1a1c01bbd47fc00a2c39e90264f33305004495a9","hash":"8e3f7f135dd4c5a0eaa558c88b6b66729dbad7f4"}
,"C:\\Users\\Lenovo\\Documents\\universidad\\novenoSemestre\\Simulacion\\Back-Simulacion-por-Computador\\controllers\\studentsController.js": {"path":"C:\\Users\\Lenovo\\Documents\\universidad\\novenoSemestre\\Simulacion\\Back-Simulacion-por-Computador\\controllers\\studentsController.js","statementMap":{"0":{"start":{"line":1,"column":16},"end":{"line":1,"column":50}},"1":{"start":{"line":2,"column":26},"end":{"line":2,"column":60}},"2":{"start":{"line":4,"column":0},"end":{"line":16,"column":2}},"3":{"start":{"line":5,"column":2},"end":{"line":15,"column":3}},"4":{"start":{"line":6,"column":23},"end":{"line":6,"column":44}},"5":{"start":{"line":7,"column":17},"end":{"line":7,"column":40}},"6":{"start":{"line":8,"column":4},"end":{"line":8,"column":54}},"7":{"start":{"line":10,"column":4},"end":{"line":14,"column":5}},"8":{"start":{"line":11,"column":6},"end":{"line":11,"column":65}},"9":{"start":{"line":13,"column":6},"end":{"line":13,"column":65}},"10":{"start":{"line":18,"column":0},"end":{"line":30,"column":2}},"11":{"start":{"line":19,"column":17},"end":{"line":19,"column":27}},"12":{"start":{"line":20,"column":28},"end":{"line":20,"column":36}},"13":{"start":{"line":21,"column":2},"end":{"line":29,"column":3}},"14":{"start":{"line":22,"column":17},"end":{"line":25,"column":5}},"15":{"start":{"line":26,"column":4},"end":{"line":26,"column":54}},"16":{"start":{"line":28,"column":4},"end":{"line":28,"column":63}},"17":{"start":{"line":32,"column":0},"end":{"line":63,"column":2}},"18":{"start":{"line":33,"column":2},"end":{"line":62,"column":5}},"19":{"start":{"line":39,"column":8},"end":{"line":39,"column":17}},"20":{"start":{"line":40,"column":21},"end":{"line":40,"column":39}},"21":{"start":{"line":41,"column":23},"end":{"line":41,"column":43}},"22":{"start":{"line":42,"column":26},"end":{"line":42,"column":59}},"23":{"start":{"line":43,"column":34},"end":{"line":43,"column":49}},"24":{"start":{"line":46,"column":6},"end":{"line":48,"column":11}},"25":{"start":{"line":49,"column":23},"end":{"line":51,"column":19}},"26":{"start":{"line":53,"column":17},"end":{"line":56,"column":22}},"27":{"start":{"line":58,"column":4},"end":{"line":60,"column":5}},"28":{"start":{"line":59,"column":6},"end":{"line":59,"column":76}},"29":{"start":{"line":61,"column":4},"end":{"line":61,"column":48}},"30":{"start":{"line":65,"column":0},"end":{"line":77,"column":2}},"31":{"start":{"line":66,"column":17},"end":{"line":66,"column":27}},"32":{"start":{"line":67,"column":2},"end":{"line":76,"column":3}},"33":{"start":{"line":68,"column":20},"end":{"line":68,"column":46}},"34":{"start":{"line":69,"column":4},"end":{"line":73,"column":5}},"35":{"start":{"line":70,"column":6},"end":{"line":70,"column":78}},"36":{"start":{"line":72,"column":6},"end":{"line":72,"column":66}},"37":{"start":{"line":75,"column":4},"end":{"line":75,"column":72}},"38":{"start":{"line":79,"column":0},"end":{"line":91,"column":2}},"39":{"start":{"line":80,"column":17},"end":{"line":80,"column":27}},"40":{"start":{"line":81,"column":2},"end":{"line":90,"column":3}},"41":{"start":{"line":82,"column":17},"end":{"line":82,"column":47}},"42":{"start":{"line":83,"column":4},"end":{"line":87,"column":5}},"43":{"start":{"line":84,"column":6},"end":{"line":84,"column":63}},"44":{"start":{"line":86,"column":6},"end":{"line":86,"column":56}},"45":{"start":{"line":89,"column":4},"end":{"line":89,"column":63}},"46":{"start":{"line":93,"column":0},"end":{"line":102,"column":2}},"47":{"start":{"line":94,"column":17},"end":{"line":94,"column":27}},"48":{"start":{"line":96,"column":2},"end":{"line":101,"column":3}},"49":{"start":{"line":97,"column":17},"end":{"line":97,"column":52}},"50":{"start":{"line":98,"column":4},"end":{"line":98,"column":54}},"51":{"start":{"line":100,"column":4},"end":{"line":100,"column":63}}},"fnMap":{"0":{"name":"(anonymous_0)","decl":{"start":{"line":4,"column":15},"end":{"line":4,"column":16}},"loc":{"start":{"line":4,"column":35},"end":{"line":16,"column":1}},"line":4},"1":{"name":"(anonymous_1)","decl":{"start":{"line":18,"column":17},"end":{"line":18,"column":18}},"loc":{"start":{"line":18,"column":37},"end":{"line":30,"column":1}},"line":18},"2":{"name":"(anonymous_2)","decl":{"start":{"line":32,"column":20},"end":{"line":32,"column":21}},"loc":{"start":{"line":32,"column":40},"end":{"line":63,"column":1}},"line":32},"3":{"name":"(anonymous_3)","decl":{"start":{"line":33,"column":21},"end":{"line":33,"column":22}},"loc":{"start":{"line":33,"column":33},"end":{"line":62,"column":3}},"line":33},"4":{"name":"(anonymous_4)","decl":{"start":{"line":65,"column":19},"end":{"line":65,"column":20}},"loc":{"start":{"line":65,"column":39},"end":{"line":77,"column":1}},"line":65},"5":{"name":"(anonymous_5)","decl":{"start":{"line":79,"column":17},"end":{"line":79,"column":18}},"loc":{"start":{"line":79,"column":37},"end":{"line":91,"column":1}},"line":79},"6":{"name":"(anonymous_6)","decl":{"start":{"line":93,"column":24},"end":{"line":93,"column":25}},"loc":{"start":{"line":93,"column":44},"end":{"line":102,"column":1}},"line":93}},"branchMap":{"0":{"loc":{"start":{"line":10,"column":4},"end":{"line":14,"column":5}},"type":"if","locations":[{"start":{"line":10,"column":4},"end":{"line":14,"column":5}},{"start":{"line":12,"column":11},"end":{"line":14,"column":5}}],"line":10},"1":{"loc":{"start":{"line":35,"column":6},"end":{"line":35,"column":19}},"type":"default-arg","locations":[{"start":{"line":35,"column":17},"end":{"line":35,"column":19}}],"line":35},"2":{"loc":{"start":{"line":36,"column":6},"end":{"line":36,"column":20}},"type":"default-arg","locations":[{"start":{"line":36,"column":19},"end":{"line":36,"column":20}}],"line":36},"3":{"loc":{"start":{"line":37,"column":6},"end":{"line":37,"column":17}},"type":"default-arg","locations":[{"start":{"line":37,"column":15},"end":{"line":37,"column":17}}],"line":37},"4":{"loc":{"start":{"line":38,"column":6},"end":{"line":38,"column":27}},"type":"default-arg","locations":[{"start":{"line":38,"column":22},"end":{"line":38,"column":27}}],"line":38},"5":{"loc":{"start":{"line":46,"column":6},"end":{"line":48,"column":11}},"type":"cond-expr","locations":[{"start":{"line":47,"column":10},"end":{"line":47,"column":12}},{"start":{"line":48,"column":10},"end":{"line":48,"column":11}}],"line":46},"6":{"loc":{"start":{"line":46,"column":6},"end":{"line":46,"column":79}},"type":"binary-expr","locations":[{"start":{"line":46,"column":6},"end":{"line":46,"column":51}},{"start":{"line":46,"column":55},"end":{"line":46,"column":79}}],"line":46},"7":{"loc":{"start":{"line":49,"column":23},"end":{"line":51,"column":19}},"type":"cond-expr","locations":[{"start":{"line":50,"column":8},"end":{"line":50,"column":31}},{"start":{"line":51,"column":8},"end":{"line":51,"column":19}}],"line":49},"8":{"loc":{"start":{"line":58,"column":4},"end":{"line":60,"column":5}},"type":"if","locations":[{"start":{"line":58,"column":4},"end":{"line":60,"column":5}},{"start":{},"end":{}}],"line":58},"9":{"loc":{"start":{"line":69,"column":4},"end":{"line":73,"column":5}},"type":"if","locations":[{"start":{"line":69,"column":4},"end":{"line":73,"column":5}},{"start":{"line":71,"column":11},"end":{"line":73,"column":5}}],"line":69},"10":{"loc":{"start":{"line":83,"column":4},"end":{"line":87,"column":5}},"type":"if","locations":[{"start":{"line":83,"column":4},"end":{"line":87,"column":5}},{"start":{"line":85,"column":11},"end":{"line":87,"column":5}}],"line":83}},"s":{"0":3,"1":3,"2":3,"3":1,"4":1,"5":1,"6":1,"7":0,"8":0,"9":0,"10":3,"11":0,"12":0,"13":0,"14":0,"15":0,"16":0,"17":3,"18":0,"19":0,"20":0,"21":0,"22":0,"23":0,"24":0,"25":0,"26":0,"27":0,"28":0,"29":0,"30":3,"31":1,"32":1,"33":1,"34":1,"35":1,"36":0,"37":0,"38":3,"39":4,"40":4,"41":4,"42":3,"43":1,"44":2,"45":1,"46":3,"47":1,"48":1,"49":1,"50":0,"51":1},"f":{"0":1,"1":0,"2":0,"3":0,"4":1,"5":4,"6":1},"b":{"0":[0,0],"1":[0],"2":[0],"3":[0],"4":[0],"5":[0,0],"6":[0,0],"7":[0,0],"8":[0,0],"9":[1,0],"10":[1,2]},"_coverageSchema":"1a1c01bbd47fc00a2c39e90264f33305004495a9","hash":"518ea62223e00200783e06f6b9869444ea716b84"}
,"C:\\Users\\Lenovo\\Documents\\universidad\\novenoSemestre\\Simulacion\\Back-Simulacion-por-Computador\\controllers\\topicsControllers.js": {"path":"C:\\Users\\Lenovo\\Documents\\universidad\\novenoSemestre\\Simulacion\\Back-Simulacion-por-Computador\\controllers\\topicsControllers.js","statementMap":{"0":{"start":{"line":1,"column":14},"end":{"line":1,"column":46}},"1":{"start":{"line":2,"column":26},"end":{"line":2,"column":60}},"2":{"start":{"line":4,"column":0},"end":{"line":10,"column":2}},"3":{"start":{"line":5,"column":2},"end":{"line":9,"column":5}},"4":{"start":{"line":6,"column":21},"end":{"line":6,"column":40}},"5":{"start":{"line":7,"column":17},"end":{"line":7,"column":38}},"6":{"start":{"line":8,"column":4},"end":{"line":8,"column":48}},"7":{"start":{"line":11,"column":0},"end":{"line":25,"column":2}},"8":{"start":{"line":12,"column":17},"end":{"line":12,"column":27}},"9":{"start":{"line":13,"column":28},"end":{"line":13,"column":36}},"10":{"start":{"line":14,"column":2},"end":{"line":24,"column":5}},"11":{"start":{"line":15,"column":17},"end":{"line":18,"column":5}},"12":{"start":{"line":19,"column":4},"end":{"line":22,"column":5}},"13":{"start":{"line":20,"column":6},"end":{"line":20,"column":43}},"14":{"start":{"line":21,"column":6},"end":{"line":21,"column":71}},"15":{"start":{"line":23,"column":4},"end":{"line":23,"column":48}},"16":{"start":{"line":27,"column":0},"end":{"line":35,"column":2}},"17":{"start":{"line":28,"column":2},"end":{"line":34,"column":5}},"18":{"start":{"line":29,"column":17},"end":{"line":29,"column":37}},"19":{"start":{"line":30,"column":4},"end":{"line":32,"column":5}},"20":{"start":{"line":31,"column":6},"end":{"line":31,"column":71}},"21":{"start":{"line":33,"column":4},"end":{"line":33,"column":48}},"22":{"start":{"line":37,"column":0},"end":{"line":46,"column":2}},"23":{"start":{"line":38,"column":17},"end":{"line":38,"column":27}},"24":{"start":{"line":39,"column":2},"end":{"line":45,"column":5}},"25":{"start":{"line":40,"column":17},"end":{"line":40,"column":41}},"26":{"start":{"line":41,"column":4},"end":{"line":43,"column":5}},"27":{"start":{"line":42,"column":6},"end":{"line":42,"column":71}},"28":{"start":{"line":44,"column":4},"end":{"line":44,"column":48}},"29":{"start":{"line":48,"column":0},"end":{"line":57,"column":2}},"30":{"start":{"line":49,"column":17},"end":{"line":49,"column":27}},"31":{"start":{"line":50,"column":2},"end":{"line":56,"column":5}},"32":{"start":{"line":51,"column":17},"end":{"line":51,"column":45}},"33":{"start":{"line":52,"column":4},"end":{"line":54,"column":5}},"34":{"start":{"line":53,"column":6},"end":{"line":53,"column":71}},"35":{"start":{"line":55,"column":4},"end":{"line":55,"column":48}},"36":{"start":{"line":59,"column":0},"end":{"line":65,"column":2}},"37":{"start":{"line":60,"column":17},"end":{"line":60,"column":27}},"38":{"start":{"line":61,"column":2},"end":{"line":64,"column":5}},"39":{"start":{"line":62,"column":17},"end":{"line":62,"column":50}},"40":{"start":{"line":63,"column":4},"end":{"line":63,"column":48}}},"fnMap":{"0":{"name":"(anonymous_0)","decl":{"start":{"line":4,"column":15},"end":{"line":4,"column":16}},"loc":{"start":{"line":4,"column":35},"end":{"line":10,"column":1}},"line":4},"1":{"name":"(anonymous_1)","decl":{"start":{"line":5,"column":21},"end":{"line":5,"column":22}},"loc":{"start":{"line":5,"column":33},"end":{"line":9,"column":3}},"line":5},"2":{"name":"(anonymous_2)","decl":{"start":{"line":11,"column":17},"end":{"line":11,"column":18}},"loc":{"start":{"line":11,"column":37},"end":{"line":25,"column":1}},"line":11},"3":{"name":"(anonymous_3)","decl":{"start":{"line":14,"column":21},"end":{"line":14,"column":22}},"loc":{"start":{"line":14,"column":33},"end":{"line":24,"column":3}},"line":14},"4":{"name":"(anonymous_4)","decl":{"start":{"line":27,"column":18},"end":{"line":27,"column":19}},"loc":{"start":{"line":27,"column":38},"end":{"line":35,"column":1}},"line":27},"5":{"name":"(anonymous_5)","decl":{"start":{"line":28,"column":21},"end":{"line":28,"column":22}},"loc":{"start":{"line":28,"column":33},"end":{"line":34,"column":3}},"line":28},"6":{"name":"(anonymous_6)","decl":{"start":{"line":37,"column":19},"end":{"line":37,"column":20}},"loc":{"start":{"line":37,"column":39},"end":{"line":46,"column":1}},"line":37},"7":{"name":"(anonymous_7)","decl":{"start":{"line":39,"column":21},"end":{"line":39,"column":22}},"loc":{"start":{"line":39,"column":33},"end":{"line":45,"column":3}},"line":39},"8":{"name":"(anonymous_8)","decl":{"start":{"line":48,"column":17},"end":{"line":48,"column":18}},"loc":{"start":{"line":48,"column":37},"end":{"line":57,"column":1}},"line":48},"9":{"name":"(anonymous_9)","decl":{"start":{"line":50,"column":21},"end":{"line":50,"column":22}},"loc":{"start":{"line":50,"column":33},"end":{"line":56,"column":3}},"line":50},"10":{"name":"(anonymous_10)","decl":{"start":{"line":59,"column":22},"end":{"line":59,"column":23}},"loc":{"start":{"line":59,"column":42},"end":{"line":65,"column":1}},"line":59},"11":{"name":"(anonymous_11)","decl":{"start":{"line":61,"column":21},"end":{"line":61,"column":22}},"loc":{"start":{"line":61,"column":33},"end":{"line":64,"column":3}},"line":61}},"branchMap":{"0":{"loc":{"start":{"line":19,"column":4},"end":{"line":22,"column":5}},"type":"if","locations":[{"start":{"line":19,"column":4},"end":{"line":22,"column":5}},{"start":{},"end":{}}],"line":19},"1":{"loc":{"start":{"line":30,"column":4},"end":{"line":32,"column":5}},"type":"if","locations":[{"start":{"line":30,"column":4},"end":{"line":32,"column":5}},{"start":{},"end":{}}],"line":30},"2":{"loc":{"start":{"line":41,"column":4},"end":{"line":43,"column":5}},"type":"if","locations":[{"start":{"line":41,"column":4},"end":{"line":43,"column":5}},{"start":{},"end":{}}],"line":41},"3":{"loc":{"start":{"line":52,"column":4},"end":{"line":54,"column":5}},"type":"if","locations":[{"start":{"line":52,"column":4},"end":{"line":54,"column":5}},{"start":{},"end":{}}],"line":52}},"s":{"0":3,"1":3,"2":3,"3":1,"4":1,"5":1,"6":1,"7":3,"8":2,"9":2,"10":2,"11":2,"12":2,"13":1,"14":1,"15":1,"16":3,"17":0,"18":0,"19":0,"20":0,"21":0,"22":3,"23":1,"24":1,"25":1,"26":1,"27":1,"28":0,"29":3,"30":2,"31":2,"32":2,"33":2,"34":1,"35":1,"36":3,"37":1,"38":1,"39":1,"40":0},"f":{"0":1,"1":1,"2":2,"3":2,"4":0,"5":0,"6":1,"7":1,"8":2,"9":2,"10":1,"11":1},"b":{"0":[1,1],"1":[0,0],"2":[1,0],"3":[1,1]},"_coverageSchema":"1a1c01bbd47fc00a2c39e90264f33305004495a9","hash":"535a89a8c0497f11e942fc8c8d7f35469c703210"}
,"C:\\Users\\Lenovo\\Documents\\universidad\\novenoSemestre\\Simulacion\\Back-Simulacion-por-Computador\\models\\group-model.js": {"path":"C:\\Users\\Lenovo\\Documents\\universidad\\novenoSemestre\\Simulacion\\Back-Simulacion-por-Computador\\models\\group-model.js","statementMap":{"0":{"start":{"line":1,"column":17},"end":{"line":1,"column":36}},"1":{"start":{"line":2,"column":19},"end":{"line":2,"column":27}},"2":{"start":{"line":4,"column":20},"end":{"line":23,"column":2}},"3":{"start":{"line":25,"column":0},"end":{"line":25,"column":54}}},"fnMap":{},"branchMap":{},"s":{"0":3,"1":3,"2":3,"3":3},"f":{},"b":{},"_coverageSchema":"1a1c01bbd47fc00a2c39e90264f33305004495a9","hash":"545b3e424f9badedf17f5aeb8e0fec554c2887cb"}
,"C:\\Users\\Lenovo\\Documents\\universidad\\novenoSemestre\\Simulacion\\Back-Simulacion-por-Computador\\models\\inscription-model.js": {"path":"C:\\Users\\Lenovo\\Documents\\universidad\\novenoSemestre\\Simulacion\\Back-Simulacion-por-Computador\\models\\inscription-model.js","statementMap":{"0":{"start":{"line":2,"column":17},"end":{"line":2,"column":36}},"1":{"start":{"line":3,"column":19},"end":{"line":3,"column":27}},"2":{"start":{"line":5,"column":26},"end":{"line":26,"column":2}},"3":{"start":{"line":28,"column":0},"end":{"line":28,"column":66}}},"fnMap":{},"branchMap":{},"s":{"0":3,"1":3,"2":3,"3":3},"f":{},"b":{},"_coverageSchema":"1a1c01bbd47fc00a2c39e90264f33305004495a9","hash":"404f0de520b824753e0b77dbba7e586989e89ea9"}
,"C:\\Users\\Lenovo\\Documents\\universidad\\novenoSemestre\\Simulacion\\Back-Simulacion-por-Computador\\models\\student-model.js": {"path":"C:\\Users\\Lenovo\\Documents\\universidad\\novenoSemestre\\Simulacion\\Back-Simulacion-por-Computador\\models\\student-model.js","statementMap":{"0":{"start":{"line":1,"column":17},"end":{"line":1,"column":36}},"1":{"start":{"line":2,"column":19},"end":{"line":2,"column":27}},"2":{"start":{"line":4,"column":22},"end":{"line":50,"column":2}},"3":{"start":{"line":52,"column":0},"end":{"line":52,"column":58}}},"fnMap":{},"branchMap":{},"s":{"0":3,"1":3,"2":3,"3":3},"f":{},"b":{},"_coverageSchema":"1a1c01bbd47fc00a2c39e90264f33305004495a9","hash":"73ee885911ba43fe0e6dfd641709111babe98308"}
,"C:\\Users\\Lenovo\\Documents\\universidad\\novenoSemestre\\Simulacion\\Back-Simulacion-por-Computador\\models\\topic-model.js": {"path":"C:\\Users\\Lenovo\\Documents\\universidad\\novenoSemestre\\Simulacion\\Back-Simulacion-por-Computador\\models\\topic-model.js","statementMap":{"0":{"start":{"line":1,"column":17},"end":{"line":1,"column":36}},"1":{"start":{"line":2,"column":19},"end":{"line":2,"column":27}},"2":{"start":{"line":4,"column":20},"end":{"line":37,"column":2}},"3":{"start":{"line":39,"column":0},"end":{"line":39,"column":54}}},"fnMap":{},"branchMap":{},"s":{"0":3,"1":3,"2":3,"3":3},"f":{},"b":{},"_coverageSchema":"1a1c01bbd47fc00a2c39e90264f33305004495a9","hash":"2808aa1f265e34432f5f751f0d7bcad9f8cd9ab4"}
,"C:\\Users\\Lenovo\\Documents\\universidad\\novenoSemestre\\Simulacion\\Back-Simulacion-por-Computador\\mongo\\connect-db.js": {"path":"C:\\Users\\Lenovo\\Documents\\universidad\\novenoSemestre\\Simulacion\\Back-Simulacion-por-Computador\\mongo\\connect-db.js","statementMap":{"0":{"start":{"line":1,"column":17},"end":{"line":1,"column":36}},"1":{"start":{"line":4,"column":12},"end":{"line":4,"column":142}},"2":{"start":{"line":6,"column":0},"end":{"line":6,"column":35}},"3":{"start":{"line":8,"column":0},"end":{"line":15,"column":5}},"4":{"start":{"line":11,"column":4},"end":{"line":11,"column":43}},"5":{"start":{"line":14,"column":4},"end":{"line":14,"column":21}},"6":{"start":{"line":17,"column":0},"end":{"line":17,"column":26}}},"fnMap":{"0":{"name":"(anonymous_0)","decl":{"start":{"line":10,"column":8},"end":{"line":10,"column":9}},"loc":{"start":{"line":10,"column":14},"end":{"line":12,"column":3}},"line":10},"1":{"name":"(anonymous_1)","decl":{"start":{"line":13,"column":9},"end":{"line":13,"column":10}},"loc":{"start":{"line":13,"column":18},"end":{"line":15,"column":3}},"line":13}},"branchMap":{},"s":{"0":3,"1":3,"2":3,"3":3,"4":0,"5":0,"6":3},"f":{"0":0,"1":0},"b":{},"_coverageSchema":"1a1c01bbd47fc00a2c39e90264f33305004495a9","hash":"68a76c162cbc4108b07d2669248046ae1396125d"}
,"C:\\Users\\Lenovo\\Documents\\universidad\\novenoSemestre\\Simulacion\\Back-Simulacion-por-Computador\\routes\\groups.js": {"path":"C:\\Users\\Lenovo\\Documents\\universidad\\novenoSemestre\\Simulacion\\Back-Simulacion-por-Computador\\routes\\groups.js","statementMap":{"0":{"start":{"line":1,"column":16},"end":{"line":1,"column":34}},"1":{"start":{"line":2,"column":15},"end":{"line":2,"column":31}},"2":{"start":{"line":10,"column":4},"end":{"line":10,"column":45}},"3":{"start":{"line":27,"column":0},"end":{"line":27,"column":25}},"4":{"start":{"line":69,"column":0},"end":{"line":69,"column":23}},"5":{"start":{"line":94,"column":0},"end":{"line":94,"column":29}},"6":{"start":{"line":117,"column":0},"end":{"line":117,"column":35}},"7":{"start":{"line":153,"column":0},"end":{"line":153,"column":29}},"8":{"start":{"line":177,"column":0},"end":{"line":177,"column":35}},"9":{"start":{"line":179,"column":0},"end":{"line":179,"column":24}}},"fnMap":{},"branchMap":{},"s":{"0":3,"1":3,"2":3,"3":3,"4":3,"5":3,"6":3,"7":3,"8":3,"9":3},"f":{},"b":{},"_coverageSchema":"1a1c01bbd47fc00a2c39e90264f33305004495a9","hash":"26b5a0c4a00c28e941c63a98617aff77155ca26b"}
,"C:\\Users\\Lenovo\\Documents\\universidad\\novenoSemestre\\Simulacion\\Back-Simulacion-por-Computador\\routes\\inscriptions.js": {"path":"C:\\Users\\Lenovo\\Documents\\universidad\\novenoSemestre\\Simulacion\\Back-Simulacion-por-Computador\\routes\\inscriptions.js","statementMap":{"0":{"start":{"line":1,"column":16},"end":{"line":1,"column":34}},"1":{"start":{"line":2,"column":15},"end":{"line":2,"column":31}},"2":{"start":{"line":9,"column":4},"end":{"line":9,"column":52}},"3":{"start":{"line":31,"column":0},"end":{"line":31,"column":36}},"4":{"start":{"line":72,"column":0},"end":{"line":72,"column":34}},"5":{"start":{"line":97,"column":0},"end":{"line":97,"column":40}},"6":{"start":{"line":150,"column":0},"end":{"line":150,"column":40}},"7":{"start":{"line":174,"column":0},"end":{"line":174,"column":41}},"8":{"start":{"line":176,"column":0},"end":{"line":176,"column":24}}},"fnMap":{},"branchMap":{},"s":{"0":3,"1":3,"2":3,"3":3,"4":3,"5":3,"6":3,"7":3,"8":3},"f":{},"b":{},"_coverageSchema":"1a1c01bbd47fc00a2c39e90264f33305004495a9","hash":"107293d8971b18e4d3f78f4d295f230ef847299a"}
,"C:\\Users\\Lenovo\\Documents\\universidad\\novenoSemestre\\Simulacion\\Back-Simulacion-por-Computador\\routes\\students.js": {"path":"C:\\Users\\Lenovo\\Documents\\universidad\\novenoSemestre\\Simulacion\\Back-Simulacion-por-Computador\\routes\\students.js","statementMap":{"0":{"start":{"line":1,"column":15},"end":{"line":1,"column":42}},"1":{"start":{"line":9,"column":4},"end":{"line":9,"column":48}},"2":{"start":{"line":62,"column":0},"end":{"line":62,"column":27}},"3":{"start":{"line":83,"column":0},"end":{"line":83,"column":27}},"4":{"start":{"line":106,"column":0},"end":{"line":106,"column":34}},"5":{"start":{"line":149,"column":0},"end":{"line":149,"column":23}},"6":{"start":{"line":200,"column":0},"end":{"line":200,"column":29}},"7":{"start":{"line":221,"column":0},"end":{"line":221,"column":37}},"8":{"start":{"line":223,"column":0},"end":{"line":223,"column":24}}},"fnMap":{},"branchMap":{},"s":{"0":3,"1":3,"2":3,"3":3,"4":3,"5":3,"6":3,"7":3,"8":3},"f":{},"b":{},"_coverageSchema":"1a1c01bbd47fc00a2c39e90264f33305004495a9","hash":"26060b6bc80abace4f61fb7c70ac6baceb1625e5"}
,"C:\\Users\\Lenovo\\Documents\\universidad\\novenoSemestre\\Simulacion\\Back-Simulacion-por-Computador\\routes\\topics.js": {"path":"C:\\Users\\Lenovo\\Documents\\universidad\\novenoSemestre\\Simulacion\\Back-Simulacion-por-Computador\\routes\\topics.js","statementMap":{"0":{"start":{"line":1,"column":15},"end":{"line":1,"column":42}},"1":{"start":{"line":9,"column":4},"end":{"line":9,"column":47}},"2":{"start":{"line":33,"column":0},"end":{"line":33,"column":25}},"3":{"start":{"line":56,"column":0},"end":{"line":56,"column":27}},"4":{"start":{"line":81,"column":0},"end":{"line":81,"column":34}},"5":{"start":{"line":126,"column":0},"end":{"line":126,"column":23}},"6":{"start":{"line":181,"column":0},"end":{"line":181,"column":29}},"7":{"start":{"line":204,"column":0},"end":{"line":204,"column":35}},"8":{"start":{"line":206,"column":0},"end":{"line":206,"column":24}}},"fnMap":{},"branchMap":{},"s":{"0":3,"1":3,"2":3,"3":3,"4":3,"5":3,"6":3,"7":3,"8":3},"f":{},"b":{},"_coverageSchema":"1a1c01bbd47fc00a2c39e90264f33305004495a9","hash":"1625f1bc44bf0298225ec443cd8a3501270ca9eb"}
,"C:\\Users\\Lenovo\\Documents\\universidad\\novenoSemestre\\Simulacion\\Back-Simulacion-por-Computador\\tests\\server-tests.js": {"path":"C:\\Users\\Lenovo\\Documents\\universidad\\novenoSemestre\\Simulacion\\Back-Simulacion-por-Computador\\tests\\server-tests.js","statementMap":{"0":{"start":{"line":1,"column":16},"end":{"line":1,"column":34}},"1":{"start":{"line":2,"column":13},"end":{"line":2,"column":28}},"2":{"start":{"line":4,"column":0},"end":{"line":4,"column":27}},"3":{"start":{"line":5,"column":0},"end":{"line":5,"column":31}},"4":{"start":{"line":7,"column":12},"end":{"line":7,"column":21}},"5":{"start":{"line":10,"column":0},"end":{"line":10,"column":16}},"6":{"start":{"line":11,"column":0},"end":{"line":11,"column":24}},"7":{"start":{"line":12,"column":0},"end":{"line":12,"column":48}},"8":{"start":{"line":13,"column":0},"end":{"line":13,"column":48}},"9":{"start":{"line":14,"column":0},"end":{"line":14,"column":60}},"10":{"start":{"line":15,"column":0},"end":{"line":15,"column":52}},"11":{"start":{"line":17,"column":0},"end":{"line":19,"column":2}},"12":{"start":{"line":18,"column":2},"end":{"line":18,"column":74}},"13":{"start":{"line":22,"column":0},"end":{"line":22,"column":21}}},"fnMap":{"0":{"name":"(anonymous_0)","decl":{"start":{"line":17,"column":13},"end":{"line":17,"column":14}},"loc":{"start":{"line":18,"column":2},"end":{"line":18,"column":74}},"line":18}},"branchMap":{},"s":{"0":3,"1":3,"2":3,"3":3,"4":3,"5":3,"6":3,"7":3,"8":3,"9":3,"10":3,"11":3,"12":0,"13":3},"f":{"0":0},"b":{},"_coverageSchema":"1a1c01bbd47fc00a2c39e90264f33305004495a9","hash":"8ea669353ebd76be523fb77d4b786882dfcbbe65"}
,"C:\\Users\\Lenovo\\Documents\\universidad\\novenoSemestre\\Simulacion\\Back-Simulacion-por-Computador\\utils\\requestHandler.js": {"path":"C:\\Users\\Lenovo\\Documents\\universidad\\novenoSemestre\\Simulacion\\Back-Simulacion-por-Computador\\utils\\requestHandler.js","statementMap":{"0":{"start":{"line":1,"column":0},"end":{"line":8,"column":2}},"1":{"start":{"line":2,"column":2},"end":{"line":7,"column":3}},"2":{"start":{"line":3,"column":21},"end":{"line":3,"column":42}},"3":{"start":{"line":4,"column":4},"end":{"line":4,"column":47}},"4":{"start":{"line":6,"column":4},"end":{"line":6,"column":67}}},"fnMap":{"0":{"name":"(anonymous_0)","decl":{"start":{"line":1,"column":24},"end":{"line":1,"column":25}},"loc":{"start":{"line":1,"column":54},"end":{"line":8,"column":1}},"line":1}},"branchMap":{},"s":{"0":3,"1":7,"2":7,"3":6,"4":1},"f":{"0":7},"b":{},"_coverageSchema":"1a1c01bbd47fc00a2c39e90264f33305004495a9","hash":"0d7d98e5b5dbf5323dde76a45c90b5c3f19031c1"}
}
