TN:
SF:controllers\groupController.js
FN:6,(anonymous_0)
FN:7,(anonymous_1)
FN:16,(anonymous_2)
FN:62,(anonymous_3)
FN:75,(anonymous_4)
FN:91,(anonymous_5)
FN:105,(anonymous_6)
FNF:7
FNH:2
FNDA:0,(anonymous_0)
FNDA:0,(anonymous_1)
FNDA:1,(anonymous_2)
FNDA:2,(anonymous_3)
FNDA:0,(anonymous_4)
FNDA:0,(anonymous_5)
FNDA:0,(anonymous_6)
DA:1,3
DA:2,3
DA:4,3
DA:6,3
DA:7,0
DA:8,0
DA:9,0
DA:10,0
DA:12,0
DA:16,3
DA:17,1
DA:18,1
DA:20,1
DA:21,0
DA:27,1
DA:29,1
DA:30,0
DA:36,1
DA:41,1
DA:42,0
DA:48,1
DA:55,1
DA:56,1
DA:58,0
DA:62,3
DA:63,2
DA:64,2
DA:65,2
DA:66,2
DA:67,2
DA:69,0
DA:72,0
DA:75,3
DA:76,0
DA:77,0
DA:78,0
DA:79,0
DA:80,0
DA:84,0
DA:87,0
DA:91,3
DA:92,0
DA:93,0
DA:94,0
DA:95,0
DA:96,0
DA:97,0
DA:99,0
DA:101,0
DA:105,3
DA:106,0
DA:107,0
DA:108,0
DA:109,0
DA:110,0
DA:112,0
DA:114,0
LF:57
LH:24
BRDA:9,0,0,0
BRDA:9,0,1,0
BRDA:20,1,0,0
BRDA:20,1,1,1
BRDA:29,2,0,0
BRDA:29,2,1,1
BRDA:41,3,0,0
BRDA:41,3,1,1
BRDA:66,4,0,2
BRDA:66,4,1,0
BRDA:79,5,0,0
BRDA:79,5,1,0
BRDA:96,6,0,0
BRDA:96,6,1,0
BRDA:109,7,0,0
BRDA:109,7,1,0
BRF:16
BRH:4
end_of_record
TN:
SF:controllers\inscriptionsController.js
FN:5,(anonymous_0)
FN:93,(anonymous_1)
FN:105,(anonymous_2)
FN:123,(anonymous_3)
FN:144,(anonymous_4)
FNF:5
FNH:0
FNDA:0,(anonymous_0)
FNDA:0,(anonymous_1)
FNDA:0,(anonymous_2)
FNDA:0,(anonymous_3)
FNDA:0,(anonymous_4)
DA:1,3
DA:2,3
DA:3,3
DA:5,3
DA:6,0
DA:7,0
DA:10,0
DA:11,0
DA:12,0
DA:17,0
DA:19,0
DA:26,0
DA:27,0
DA:28,0
DA:30,0
DA:33,0
DA:34,0
DA:35,0
DA:40,0
DA:46,0
DA:47,0
DA:50,0
DA:54,0
DA:55,0
DA:56,0
DA:59,0
DA:62,0
DA:69,0
DA:70,0
DA:74,0
DA:81,0
DA:82,0
DA:83,0
DA:85,0
DA:88,0
DA:89,0
DA:93,3
DA:94,0
DA:95,0
DA:98,0
DA:100,0
DA:101,0
DA:105,3
DA:106,0
DA:107,0
DA:108,0
DA:111,0
DA:112,0
DA:116,0
DA:118,0
DA:119,0
DA:123,3
DA:124,0
DA:125,0
DA:126,0
DA:127,0
DA:132,0
DA:133,0
DA:137,0
DA:139,0
DA:140,0
DA:144,3
DA:145,0
DA:146,0
DA:147,0
DA:148,0
DA:152,0
DA:153,0
LF:68
LH:8
BRDA:11,0,0,0
BRDA:11,0,1,0
BRDA:17,1,0,0
BRDA:17,1,1,0
BRDA:34,2,0,0
BRDA:34,2,1,0
BRDA:46,3,0,0
BRDA:46,3,1,0
BRDA:55,4,0,0
BRDA:55,4,1,0
BRDA:111,5,0,0
BRDA:111,5,1,0
BRDA:132,6,0,0
BRDA:132,6,1,0
BRF:14
BRH:0
end_of_record
TN:
SF:controllers\studentsController.js
FN:4,(anonymous_0)
FN:18,(anonymous_1)
FN:32,(anonymous_2)
FN:33,(anonymous_3)
FN:65,(anonymous_4)
FN:79,(anonymous_5)
FN:93,(anonymous_6)
FNF:7
FNH:4
FNDA:1,(anonymous_0)
FNDA:0,(anonymous_1)
FNDA:0,(anonymous_2)
FNDA:0,(anonymous_3)
FNDA:1,(anonymous_4)
FNDA:4,(anonymous_5)
FNDA:1,(anonymous_6)
DA:1,3
DA:2,3
DA:4,3
DA:5,1
DA:6,1
DA:7,1
DA:8,1
DA:10,0
DA:11,0
DA:13,0
DA:18,3
DA:19,0
DA:20,0
DA:21,0
DA:22,0
DA:26,0
DA:28,0
DA:32,3
DA:33,0
DA:39,0
DA:40,0
DA:41,0
DA:42,0
DA:43,0
DA:46,0
DA:49,0
DA:53,0
DA:58,0
DA:59,0
DA:61,0
DA:65,3
DA:66,1
DA:67,1
DA:68,1
DA:69,1
DA:70,1
DA:72,0
DA:75,0
DA:79,3
DA:80,4
DA:81,4
DA:82,4
DA:83,3
DA:84,1
DA:86,2
DA:89,1
DA:93,3
DA:94,1
DA:96,1
DA:97,1
DA:98,0
DA:100,1
LF:52
LH:28
BRDA:10,0,0,0
BRDA:10,0,1,0
BRDA:35,1,0,0
BRDA:36,2,0,0
BRDA:37,3,0,0
BRDA:38,4,0,0
BRDA:46,5,0,0
BRDA:46,5,1,0
BRDA:46,6,0,0
BRDA:46,6,1,0
BRDA:49,7,0,0
BRDA:49,7,1,0
BRDA:58,8,0,0
BRDA:58,8,1,0
BRDA:69,9,0,1
BRDA:69,9,1,0
BRDA:83,10,0,1
BRDA:83,10,1,2
BRF:18
BRH:3
end_of_record
TN:
SF:controllers\topicsControllers.js
FN:4,(anonymous_0)
FN:5,(anonymous_1)
FN:11,(anonymous_2)
FN:14,(anonymous_3)
FN:27,(anonymous_4)
FN:28,(anonymous_5)
FN:37,(anonymous_6)
FN:39,(anonymous_7)
FN:48,(anonymous_8)
FN:50,(anonymous_9)
FN:59,(anonymous_10)
FN:61,(anonymous_11)
FNF:12
FNH:10
FNDA:1,(anonymous_0)
FNDA:1,(anonymous_1)
FNDA:2,(anonymous_2)
FNDA:2,(anonymous_3)
FNDA:0,(anonymous_4)
FNDA:0,(anonymous_5)
FNDA:1,(anonymous_6)
FNDA:1,(anonymous_7)
FNDA:2,(anonymous_8)
FNDA:2,(anonymous_9)
FNDA:1,(anonymous_10)
FNDA:1,(anonymous_11)
DA:1,3
DA:2,3
DA:4,3
DA:5,1
DA:6,1
DA:7,1
DA:8,1
DA:11,3
DA:12,2
DA:13,2
DA:14,2
DA:15,2
DA:19,2
DA:20,1
DA:21,1
DA:23,1
DA:27,3
DA:28,0
DA:29,0
DA:30,0
DA:31,0
DA:33,0
DA:37,3
DA:38,1
DA:39,1
DA:40,1
DA:41,1
DA:42,1
DA:44,0
DA:48,3
DA:49,2
DA:50,2
DA:51,2
DA:52,2
DA:53,1
DA:55,1
DA:59,3
DA:60,1
DA:61,1
DA:62,1
DA:63,0
LF:41
LH:34
BRDA:19,0,0,1
BRDA:19,0,1,1
BRDA:30,1,0,0
BRDA:30,1,1,0
BRDA:41,2,0,1
BRDA:41,2,1,0
BRDA:52,3,0,1
BRDA:52,3,1,1
BRF:8
BRH:5
end_of_record
TN:
SF:models\group-model.js
FNF:0
FNH:0
DA:1,3
DA:2,3
DA:4,3
DA:25,3
LF:4
LH:4
BRF:0
BRH:0
end_of_record
TN:
SF:models\inscription-model.js
FNF:0
FNH:0
DA:2,3
DA:3,3
DA:5,3
DA:28,3
LF:4
LH:4
BRF:0
BRH:0
end_of_record
TN:
SF:models\student-model.js
FNF:0
FNH:0
DA:1,3
DA:2,3
DA:4,3
DA:52,3
LF:4
LH:4
BRF:0
BRH:0
end_of_record
TN:
SF:models\topic-model.js
FNF:0
FNH:0
DA:1,3
DA:2,3
DA:4,3
DA:39,3
LF:4
LH:4
BRF:0
BRH:0
end_of_record
TN:
SF:mongo\connect-db.js
FN:10,(anonymous_0)
FN:13,(anonymous_1)
FNF:2
FNH:0
FNDA:0,(anonymous_0)
FNDA:0,(anonymous_1)
DA:1,3
DA:4,3
DA:6,3
DA:8,3
DA:11,0
DA:14,0
DA:17,3
LF:7
LH:5
BRF:0
BRH:0
end_of_record
TN:
SF:routes\groups.js
FNF:0
FNH:0
DA:1,3
DA:2,3
DA:10,3
DA:27,3
DA:69,3
DA:94,3
DA:117,3
DA:153,3
DA:177,3
DA:179,3
LF:10
LH:10
BRF:0
BRH:0
end_of_record
TN:
SF:routes\inscriptions.js
FNF:0
FNH:0
DA:1,3
DA:2,3
DA:9,3
DA:31,3
DA:72,3
DA:97,3
DA:150,3
DA:174,3
DA:176,3
LF:9
LH:9
BRF:0
BRH:0
end_of_record
TN:
SF:routes\students.js
FNF:0
FNH:0
DA:1,3
DA:9,3
DA:62,3
DA:83,3
DA:106,3
DA:149,3
DA:200,3
DA:221,3
DA:223,3
LF:9
LH:9
BRF:0
BRH:0
end_of_record
TN:
SF:routes\topics.js
FNF:0
FNH:0
DA:1,3
DA:9,3
DA:33,3
DA:56,3
DA:81,3
DA:126,3
DA:181,3
DA:204,3
DA:206,3
LF:9
LH:9
BRF:0
BRH:0
end_of_record
TN:
SF:tests\server-tests.js
FN:17,(anonymous_0)
FNF:1
FNH:0
FNDA:0,(anonymous_0)
DA:1,3
DA:2,3
DA:4,3
DA:5,3
DA:7,3
DA:10,3
DA:11,3
DA:12,3
DA:13,3
DA:14,3
DA:15,3
DA:17,3
DA:18,0
DA:22,3
LF:14
LH:13
BRF:0
BRH:0
end_of_record
TN:
SF:utils\requestHandler.js
FN:1,(anonymous_0)
FNF:1
FNH:1
FNDA:7,(anonymous_0)
DA:1,3
DA:2,7
DA:3,7
DA:4,6
DA:6,1
LF:5
LH:5
BRF:0
BRH:0
end_of_record
